2018-03-17T03:31:08+00:00 CRITICAL Maximum execution time of 30 seconds exceeded

2018-03-17T03:44:57+00:00 CRITICAL Maximum execution time of 30 seconds exceeded

2018-03-17T03:44:57+00:00 CRITICAL Maximum execution time of 30 seconds exceeded

2018-03-17T03:54:25+00:00 CRITICAL Maximum execution time of 30 seconds exceeded

2018-03-17T03:54:25+00:00 CRITICAL Maximum execution time of 30 seconds exceeded

2018-03-17T03:54:25+00:00 CRITICAL Maximum execution time of 30 seconds exceeded

2018-03-17T04:03:53+00:00 CRITICAL Maximum execution time of 30 seconds exceeded

2018-03-17T04:03:53+00:00 CRITICAL Maximum execution time of 30 seconds exceeded

2018-03-17T04:05:36+00:00 CRITICAL Maximum execution time of 30 seconds exceeded

2018-03-17T04:05:36+00:00 CRITICAL Maximum execution time of 30 seconds exceeded

2018-03-17T04:08:44+00:00 CRITICAL Maximum execution time of 30 seconds exceeded

2018-03-17T04:17:10+00:00 CRITICAL Maximum execution time of 30 seconds exceeded

2018-03-17T04:17:10+00:00 CRITICAL Maximum execution time of 30 seconds exceeded

2018-03-17T04:18:03+00:00 CRITICAL Maximum execution time of 30 seconds exceeded

2018-03-17T04:18:03+00:00 CRITICAL Maximum execution time of 30 seconds exceeded

2018-03-17T04:18:03+00:00 CRITICAL Maximum execution time of 30 seconds exceeded

2018-03-22T08:35:19+00:00 CRITICAL Maximum execution time of 30 seconds exceeded

2018-03-22T08:48:30+00:00 CRITICAL Maximum execution time of 30 seconds exceeded

2018-03-22T08:48:49+00:00 CRITICAL Maximum execution time of 30 seconds exceeded

2018-03-22T08:48:49+00:00 CRITICAL Maximum execution time of 30 seconds exceeded

2018-03-22T08:48:51+00:00 CRITICAL Maximum execution time of 30 seconds exceeded

2018-03-22T08:49:00+00:00 CRITICAL Maximum execution time of 30 seconds exceeded

2018-03-22T08:49:52+00:00 CRITICAL Maximum execution time of 30 seconds exceeded

2018-03-22T08:49:53+00:00 CRITICAL Maximum execution time of 30 seconds exceeded

2018-03-24T02:32:33+00:00 CRITICAL Uncaught Exception: expecting color: failed at `color: lighten($fw-top-menu-color, 70%);` C:\MAMP\htdocs\wordpress\alone-charitable/wp-content/themes/alone/assets/style-scss/headers/_menu-style.scss on line 333 in C:\MAMP\htdocs\wordpress\alone-charitable\wp-content\themes\alone\theme-includes\includes\scss.inc.php:4066
Stack trace:
#0 C:\MAMP\htdocs\wordpress\alone-charitable\wp-content\themes\alone\theme-includes\includes\scss.inc.php(2506): scss_parser->throwParseError('expecting color', 7798)
#1 C:\MAMP\htdocs\wordpress\alone-charitable\wp-content\themes\alone\theme-includes\includes\scss.inc.php(1845): scssc->throwError('expecting color')
#2 C:\MAMP\htdocs\wordpress\alone-charitable\wp-content\themes\alone\theme-includes\includes\scss.inc.php(2199): scssc->assertColor(Array)
#3 C:\MAMP\htdocs\wordpress\alone-charitable\wp-content\themes\alone\theme-includes\includes\scss.inc.php(1732): scssc->lib_lighten(Array, Object(scssc))
#4 C:\MAMP\htdocs\wordpress\alone-charitable\wp-content\themes\alone\theme-inc

2018-03-24T02:35:13+00:00 CRITICAL Maximum execution time of 30 seconds exceeded

2018-03-24T02:38:03+00:00 CRITICAL Maximum execution time of 30 seconds exceeded

2018-03-24T02:41:18+00:00 CRITICAL Maximum execution time of 30 seconds exceeded

2018-03-24T02:46:41+00:00 CRITICAL Maximum execution time of 30 seconds exceeded

2018-03-24T02:46:41+00:00 CRITICAL Maximum execution time of 30 seconds exceeded

2018-03-24T02:47:19+00:00 CRITICAL Maximum execution time of 30 seconds exceeded

2018-03-24T02:47:19+00:00 CRITICAL Maximum execution time of 30 seconds exceeded

2018-03-24T02:52:31+00:00 CRITICAL Maximum execution time of 30 seconds exceeded

2018-03-24T02:55:03+00:00 CRITICAL Maximum execution time of 30 seconds exceeded

2018-03-25T02:24:19+00:00 CRITICAL Maximum execution time of 30 seconds exceeded

2018-03-25T02:57:41+00:00 CRITICAL Maximum execution time of 30 seconds exceeded

2018-03-25T02:57:41+00:00 CRITICAL Maximum execution time of 30 seconds exceeded

2018-03-25T03:02:42+00:00 CRITICAL Maximum execution time of 30 seconds exceeded

2018-03-25T03:13:45+00:00 CRITICAL Maximum execution time of 30 seconds exceeded

2018-03-25T03:13:46+00:00 CRITICAL Maximum execution time of 30 seconds exceeded

2018-03-25T03:15:36+00:00 CRITICAL Maximum execution time of 30 seconds exceeded

2018-03-25T03:16:25+00:00 CRITICAL Maximum execution time of 30 seconds exceeded

2018-03-25T03:17:41+00:00 CRITICAL Maximum execution time of 30 seconds exceeded

2018-03-25T03:19:53+00:00 CRITICAL Maximum execution time of 30 seconds exceeded

2018-03-25T03:19:53+00:00 CRITICAL Maximum execution time of 30 seconds exceeded

2018-03-25T03:20:49+00:00 CRITICAL Maximum execution time of 30 seconds exceeded

2018-03-25T03:37:23+00:00 CRITICAL Maximum execution time of 30 seconds exceeded

2018-03-25T03:38:57+00:00 CRITICAL Maximum execution time of 30 seconds exceeded

2018-03-25T03:38:58+00:00 CRITICAL Maximum execution time of 30 seconds exceeded

2018-03-25T03:39:59+00:00 CRITICAL Maximum execution time of 30 seconds exceeded

2018-03-25T03:40:00+00:00 CRITICAL Maximum execution time of 30 seconds exceeded

2018-03-25T03:46:27+00:00 CRITICAL Maximum execution time of 30 seconds exceeded

2018-03-25T03:52:32+00:00 CRITICAL Maximum execution time of 30 seconds exceeded

2018-03-25T07:52:52+00:00 CRITICAL Maximum execution time of 30 seconds exceeded

2018-03-25T07:57:58+00:00 CRITICAL Maximum execution time of 30 seconds exceeded

2018-03-25T08:04:44+00:00 CRITICAL Maximum execution time of 30 seconds exceeded

2018-03-25T08:23:36+00:00 CRITICAL Maximum execution time of 30 seconds exceeded

2018-03-25T08:23:36+00:00 CRITICAL Maximum execution time of 30 seconds exceeded

2018-03-25T08:25:59+00:00 CRITICAL Maximum execution time of 30 seconds exceeded

2018-03-25T08:25:59+00:00 CRITICAL Maximum execution time of 30 seconds exceeded

2018-03-25T08:30:18+00:00 CRITICAL Maximum execution time of 30 seconds exceeded

2018-03-25T08:51:39+00:00 CRITICAL Maximum execution time of 30 seconds exceeded

2018-03-25T08:51:40+00:00 CRITICAL Maximum execution time of 30 seconds exceeded

2018-03-25T08:57:21+00:00 CRITICAL Maximum execution time of 30 seconds exceeded

2018-03-25T09:00:46+00:00 CRITICAL Maximum execution time of 30 seconds exceeded

2018-03-25T09:00:46+00:00 CRITICAL Maximum execution time of 30 seconds exceeded

2018-03-25T09:03:40+00:00 CRITICAL Maximum execution time of 30 seconds exceeded

2018-03-25T09:03:40+00:00 CRITICAL Maximum execution time of 30 seconds exceeded

2018-03-25T09:06:32+00:00 CRITICAL Maximum execution time of 30 seconds exceeded

2018-03-25T09:06:32+00:00 CRITICAL Maximum execution time of 30 seconds exceeded

2018-03-25T09:11:03+00:00 CRITICAL Maximum execution time of 30 seconds exceeded

2018-03-25T09:11:03+00:00 CRITICAL Maximum execution time of 30 seconds exceeded

2018-03-25T09:12:21+00:00 CRITICAL Maximum execution time of 30 seconds exceeded

2018-03-25T09:12:21+00:00 CRITICAL Maximum execution time of 30 seconds exceeded

2018-03-25T09:13:30+00:00 CRITICAL Maximum execution time of 30 seconds exceeded

2018-03-25T09:14:03+00:00 CRITICAL Maximum execution time of 30 seconds exceeded

2018-03-25T09:16:03+00:00 CRITICAL Maximum execution time of 30 seconds exceeded

2018-03-25T09:22:03+00:00 CRITICAL Maximum execution time of 30 seconds exceeded

2018-03-25T09:25:33+00:00 CRITICAL Maximum execution time of 30 seconds exceeded

2018-03-25T09:29:06+00:00 CRITICAL Maximum execution time of 30 seconds exceeded

2018-03-27T01:49:32+00:00 CRITICAL Maximum execution time of 30 seconds exceeded

2018-03-27T03:28:33+00:00 CRITICAL Maximum execution time of 30 seconds exceeded

2018-03-27T03:29:24+00:00 CRITICAL Maximum execution time of 30 seconds exceeded

2018-03-27T03:29:24+00:00 CRITICAL Maximum execution time of 30 seconds exceeded

2018-03-27T09:47:09+00:00 CRITICAL Maximum execution time of 30 seconds exceeded

2018-03-27T09:47:09+00:00 CRITICAL Maximum execution time of 30 seconds exceeded

2018-03-27T16:42:21+00:00 CRITICAL Maximum execution time of 30 seconds exceeded

2018-03-27T16:42:21+00:00 CRITICAL Maximum execution time of 30 seconds exceeded

2018-03-28T06:39:29+00:00 CRITICAL Maximum execution time of 30 seconds exceeded

2018-03-28T13:17:43+00:00 CRITICAL Maximum execution time of 30 seconds exceeded

2018-03-28T15:00:22+00:00 CRITICAL Maximum execution time of 30 seconds exceeded

2018-03-28T15:00:22+00:00 CRITICAL Maximum execution time of 30 seconds exceeded

2018-03-28T15:01:16+00:00 CRITICAL Maximum execution time of 30 seconds exceeded

2018-03-28T15:01:16+00:00 CRITICAL Maximum execution time of 30 seconds exceeded

2018-03-28T15:07:45+00:00 CRITICAL Maximum execution time of 30 seconds exceeded

2018-03-28T15:07:45+00:00 CRITICAL Maximum execution time of 30 seconds exceeded

2018-03-28T15:31:14+00:00 CRITICAL Maximum execution time of 30 seconds exceeded

2018-03-28T15:31:14+00:00 CRITICAL Maximum execution time of 30 seconds exceeded

2018-03-28T16:27:16+00:00 CRITICAL Maximum execution time of 30 seconds exceeded

2018-03-28T16:27:17+00:00 CRITICAL Maximum execution time of 30 seconds exceeded

2018-03-28T16:28:54+00:00 CRITICAL Maximum execution time of 30 seconds exceeded

2018-03-28T16:28:54+00:00 CRITICAL Maximum execution time of 30 seconds exceeded

2018-03-28T16:45:38+00:00 CRITICAL Maximum execution time of 30 seconds exceeded

2018-03-28T16:48:14+00:00 CRITICAL Maximum execution time of 30 seconds exceeded

2018-03-28T16:49:34+00:00 CRITICAL Maximum execution time of 30 seconds exceeded

2018-03-28T16:49:34+00:00 CRITICAL Maximum execution time of 30 seconds exceeded

2018-03-28T16:50:37+00:00 CRITICAL Maximum execution time of 30 seconds exceeded

2018-03-28T17:25:12+00:00 CRITICAL Maximum execution time of 30 seconds exceeded

2018-03-28T17:32:02+00:00 CRITICAL Maximum execution time of 30 seconds exceeded

2018-03-28T17:32:02+00:00 CRITICAL Maximum execution time of 30 seconds exceeded

2018-03-28T17:36:38+00:00 CRITICAL Maximum execution time of 30 seconds exceeded

2018-03-28T17:38:00+00:00 CRITICAL Maximum execution time of 30 seconds exceeded

2018-03-28T17:38:43+00:00 CRITICAL Maximum execution time of 30 seconds exceeded

2018-03-29T01:37:21+00:00 CRITICAL Maximum execution time of 30 seconds exceeded

2018-03-29T01:37:21+00:00 CRITICAL Maximum execution time of 30 seconds exceeded

2018-03-29T01:40:42+00:00 CRITICAL Maximum execution time of 30 seconds exceeded

2018-03-29T01:44:02+00:00 CRITICAL Maximum execution time of 30 seconds exceeded

2018-03-29T01:44:02+00:00 CRITICAL Maximum execution time of 30 seconds exceeded

2018-03-29T01:45:54+00:00 CRITICAL Maximum execution time of 30 seconds exceeded

2018-03-29T01:49:12+00:00 CRITICAL Maximum execution time of 30 seconds exceeded

2018-03-29T01:49:12+00:00 CRITICAL Maximum execution time of 30 seconds exceeded

2018-03-29T01:50:12+00:00 CRITICAL Maximum execution time of 30 seconds exceeded

2018-03-29T01:51:51+00:00 CRITICAL Maximum execution time of 30 seconds exceeded

2018-03-29T01:55:20+00:00 CRITICAL Maximum execution time of 30 seconds exceeded

2018-03-29T01:55:38+00:00 CRITICAL Maximum execution time of 30 seconds exceeded

2018-03-29T01:56:15+00:00 CRITICAL Maximum execution time of 30 seconds exceeded

2018-03-29T02:00:30+00:00 CRITICAL Maximum execution time of 30 seconds exceeded

2018-03-29T02:03:31+00:00 CRITICAL Maximum execution time of 30 seconds exceeded

2018-03-29T02:08:49+00:00 CRITICAL Maximum execution time of 30 seconds exceeded

2018-03-29T02:10:13+00:00 CRITICAL Maximum execution time of 30 seconds exceeded

2018-03-29T02:11:09+00:00 CRITICAL Maximum execution time of 30 seconds exceeded

2018-03-29T02:12:22+00:00 CRITICAL Maximum execution time of 30 seconds exceeded

2018-03-29T02:17:07+00:00 CRITICAL Maximum execution time of 30 seconds exceeded

2018-03-29T02:18:11+00:00 CRITICAL Maximum execution time of 30 seconds exceeded

2018-03-29T02:19:40+00:00 CRITICAL Maximum execution time of 30 seconds exceeded

2018-03-29T02:21:24+00:00 CRITICAL Maximum execution time of 30 seconds exceeded

2018-03-29T02:35:29+00:00 CRITICAL Maximum execution time of 30 seconds exceeded

2018-03-29T02:38:38+00:00 CRITICAL Maximum execution time of 30 seconds exceeded

2018-03-29T02:40:43+00:00 CRITICAL Maximum execution time of 30 seconds exceeded

2018-03-29T02:52:34+00:00 CRITICAL Maximum execution time of 30 seconds exceeded

2018-03-29T02:53:23+00:00 CRITICAL Maximum execution time of 30 seconds exceeded

2018-03-29T02:56:10+00:00 CRITICAL Maximum execution time of 30 seconds exceeded

2018-03-29T02:57:22+00:00 CRITICAL Maximum execution time of 30 seconds exceeded

2018-03-29T02:58:47+00:00 CRITICAL Maximum execution time of 30 seconds exceeded

2018-03-29T02:59:32+00:00 CRITICAL Maximum execution time of 30 seconds exceeded

2018-03-29T03:00:16+00:00 CRITICAL Maximum execution time of 30 seconds exceeded

2018-03-29T03:04:41+00:00 CRITICAL Maximum execution time of 30 seconds exceeded

2018-03-29T03:04:41+00:00 CRITICAL Maximum execution time of 30 seconds exceeded

2018-03-29T03:18:17+00:00 CRITICAL Maximum execution time of 30 seconds exceeded

2018-03-29T03:18:47+00:00 CRITICAL Maximum execution time of 30 seconds exceeded

2018-03-29T03:23:16+00:00 CRITICAL Maximum execution time of 30 seconds exceeded

2018-03-29T03:23:16+00:00 CRITICAL Maximum execution time of 30 seconds exceeded

2018-03-29T03:32:12+00:00 CRITICAL Maximum execution time of 30 seconds exceeded

2018-03-29T03:32:12+00:00 CRITICAL Maximum execution time of 30 seconds exceeded

2018-03-29T03:56:05+00:00 CRITICAL Maximum execution time of 30 seconds exceeded

2018-03-29T04:02:03+00:00 CRITICAL Maximum execution time of 30 seconds exceeded

2018-03-30T04:17:27+00:00 CRITICAL Maximum execution time of 30 seconds exceeded

2018-03-30T04:18:50+00:00 CRITICAL Maximum execution time of 30 seconds exceeded

